2020-07-05 21:31:39 [INFO] <KERNEL> Starting common-lisp kernel
2020-07-05 21:31:39 [INFO] <KERNEL> Parsing connection file /Users/meister/Library/Jupyter/runtime/kernel-e832f9dc-9073-411c-bd4a-eb94130d4705.json
2020-07-05 21:31:39 [INFO] <MAC> Starting message authentification
2020-07-05 21:31:39 [INFO] <MAC> Using signature scheme hmac-sha256 for message signing.
2020-07-05 21:31:39 [INFO] <HB-CHANNEL> Starting channel on tcp://127.0.0.1:52450
2020-07-05 21:31:39 [INFO] <IOPUB-CHANNEL> Starting channel on tcp://127.0.0.1:52448
2020-07-05 21:31:39 [INFO] <HB-CHANNEL> Starting thread
2020-07-05 21:31:39 [INFO] <SHELL-CHANNEL> Starting channel on tcp://127.0.0.1:52447
2020-07-05 21:31:39 [INFO] <SHELL-CHANNEL> Starting thread
2020-07-05 21:31:39 [INFO] <STDIN-CHANNEL> Starting channel on tcp://127.0.0.1:52449
2020-07-05 21:31:39 [INFO] <CONTROL-CHANNEL> Starting channel on tcp://127.0.0.1:52451
2020-07-05 21:31:39 [INFO] <CONTROL-CHANNEL> Starting thread
2020-07-05 21:31:39 [INFO] <HISTORY> Starting history
2020-07-05 21:31:39 [INFO] <KERNEL> Setting amber host pathname translation -> /Users/meister/Development/amber18/
2020-07-05 21:31:39 [INFO] <SHELL-CHANNEL> Received kernel_info_request message
2020-07-05 21:31:39 [INFO] <KERNEL> Handling kernel_info_request message
2020-07-05 21:31:39 [INFO] <SHELL-CHANNEL> Received kernel_info_request message
2020-07-05 21:31:39 [INFO] <KERNEL> Handling kernel_info_request message
2020-07-05 21:31:39 [INFO] <SHELL-CHANNEL> Received comm_info_request message
2020-07-05 21:31:39 [INFO] <KERNEL> Handling comm_info_request message
2020-07-05 21:31:46 [INFO] <SHELL-CHANNEL> Received execute_request message
2020-07-05 21:31:46 [INFO] <KERNEL> Handling execute_request message
2020-07-05 21:31:49 [INFO] <SHELL-CHANNEL> Received execute_request message
2020-07-05 21:31:49 [INFO] <KERNEL> Handling execute_request message
2020-07-05 21:31:52 [INFO] <SHELL-CHANNEL> Received execute_request message
2020-07-05 21:31:52 [INFO] <KERNEL> Handling execute_request message
2020-07-05 21:32:01 [INFO] <SHELL-CHANNEL> Received execute_request message
2020-07-05 21:32:01 [INFO] <KERNEL> Handling execute_request message
2020-07-05 21:32:01 [INFO] <SHELL-CHANNEL> Received execute_request message
2020-07-05 21:32:01 [INFO] <KERNEL> Handling execute_request message
2020-07-05 21:32:23 [INFO] <SHELL-CHANNEL> Received execute_request message
2020-07-05 21:32:23 [INFO] <KERNEL> Handling execute_request message
2020-07-05 21:32:29 [INFO] <SHELL-CHANNEL> Received execute_request message
2020-07-05 21:32:29 [INFO] <KERNEL> Handling execute_request message
2020-07-05 21:32:37 [INFO] <SHELL-CHANNEL> Received execute_request message
2020-07-05 21:32:37 [INFO] <KERNEL> Handling execute_request message
2020-07-05 21:32:54 [INFO] <CONTROL-CHANNEL> Received shutdown_request message
2020-07-05 21:32:54 [INFO] <KERNEL> Handling shutdown_request message
2020-07-05 21:32:54 [INFO] <KERNEL> Stopping common-lisp kernel
2020-07-05 21:32:54 [INFO] <HB-CHANNEL> Stopping thread
2020-07-05 21:32:54 [INFO] <HB-CHANNEL> Stopping channel
2020-07-05 21:32:54 [INFO] <IOPUB-CHANNEL> Stopping channel
2020-07-05 21:32:54 [INFO] <SHELL-CHANNEL> Stopping thread
2020-07-05 21:32:54 [INFO] <SHELL-CHANNEL> Stopping channel
2020-07-05 21:32:54 [INFO] <STDIN-CHANNEL> Stopping channel
2020-07-05 21:32:54 [INFO] <CONTROL-CHANNEL> Stopping thread
2020-07-05 21:32:54 [INFO] <CONTROL-CHANNEL> Stopping channel
2020-07-05 21:32:54 [INFO] <MAC> Stopping message authentification
2020-07-05 21:32:54 [INFO] <HISTORY> Stopping history
