2020-07-05 18:06:24 [INFO] <KERNEL> Starting common-lisp kernel
2020-07-05 18:06:24 [INFO] <KERNEL> Parsing connection file /Users/meister/Library/Jupyter/runtime/kernel-181c8cc8-2e62-4721-b88c-f3083b6d7137.json
2020-07-05 18:06:24 [INFO] <MAC> Starting message authentification
2020-07-05 18:06:24 [INFO] <MAC> Using signature scheme hmac-sha256 for message signing.
2020-07-05 18:06:24 [INFO] <HB-CHANNEL> Starting channel on tcp://127.0.0.1:49579
2020-07-05 18:06:24 [INFO] <IOPUB-CHANNEL> Starting channel on tcp://127.0.0.1:49577
2020-07-05 18:06:24 [INFO] <HB-CHANNEL> Starting thread
2020-07-05 18:06:24 [INFO] <SHELL-CHANNEL> Starting channel on tcp://127.0.0.1:49576
2020-07-05 18:06:24 [INFO] <SHELL-CHANNEL> Starting thread
2020-07-05 18:06:24 [INFO] <STDIN-CHANNEL> Starting channel on tcp://127.0.0.1:49578
2020-07-05 18:06:24 [INFO] <CONTROL-CHANNEL> Starting channel on tcp://127.0.0.1:49580
2020-07-05 18:06:24 [INFO] <HISTORY> Starting history
2020-07-05 18:06:24 [INFO] <CONTROL-CHANNEL> Starting thread
2020-07-05 18:06:24 [INFO] <KERNEL> Setting amber host pathname translation -> /Users/meister/Development/amber18/
2020-07-05 18:06:24 [INFO] <SHELL-CHANNEL> Received kernel_info_request message
2020-07-05 18:06:24 [INFO] <KERNEL> Handling kernel_info_request message
2020-07-05 18:06:24 [INFO] <SHELL-CHANNEL> Received kernel_info_request message
2020-07-05 18:06:24 [INFO] <KERNEL> Handling kernel_info_request message
2020-07-05 18:08:01 [INFO] <SHELL-CHANNEL> Received execute_request message
2020-07-05 18:08:01 [INFO] <KERNEL> Handling execute_request message
2020-07-05 18:08:04 [INFO] <SHELL-CHANNEL> Received execute_request message
2020-07-05 18:08:04 [INFO] <KERNEL> Handling execute_request message
2020-07-05 18:08:04 [INFO] <SHELL-CHANNEL> Received execute_request message
2020-07-05 18:08:04 [INFO] <KERNEL> Handling execute_request message
2020-07-05 18:08:05 [INFO] <SHELL-CHANNEL> Received execute_request message
2020-07-05 18:08:05 [INFO] <KERNEL> Handling execute_request message
2020-07-05 18:08:05 [INFO] <SHELL-CHANNEL> Received execute_request message
2020-07-05 18:08:05 [INFO] <KERNEL> Handling execute_request message
2020-07-05 18:08:05 [INFO] <SHELL-CHANNEL> Received execute_request message
2020-07-05 18:08:05 [INFO] <KERNEL> Handling execute_request message
2020-07-05 18:08:05 [INFO] <SHELL-CHANNEL> Received execute_request message
2020-07-05 18:08:05 [INFO] <SHELL-CHANNEL> Received execute_request message
2020-07-05 18:08:06 [INFO] <SHELL-CHANNEL> Received execute_request message
2020-07-05 18:08:07 [INFO] <KERNEL> Handling execute_request message
2020-07-05 18:08:07 [INFO] <KERNEL> Handling execute_request message
2020-07-05 18:08:07 [INFO] <KERNEL> Handling execute_request message
2020-07-05 18:08:07 [INFO] <NULL> Setting up the *remote-call-thread-queue* and *remote-call-thread*
2020-07-05 18:08:07 [INFO] <NULL> In add-structure  (loaded self) -> NIL
2020-07-05 18:08:07 [INFO] <NULL> entered %load-data NIL
2020-07-05 18:08:07 [INFO] <NULL> Generating mol2 as string

2020-07-05 18:08:07 [INFO] <NGLWIDGET> entered %remote-call loadFile
2020-07-05 18:08:07 [INFO] <NULL> About to make-remote-call-callback before-loaded
2020-07-05 18:08:07 [INFO] <NULL> About to make-remote-call-callback after-loaded
2020-07-05 18:08:07 [INFO] <NULL> leaving %remote-call loadFile
2020-07-05 18:08:07 [INFO] <NULL> leaving %load-data
2020-07-05 18:08:08 [INFO] <SHELL-CHANNEL> Received execute_request message
2020-07-05 18:08:08 [INFO] <KERNEL> Handling execute_request message
2020-07-05 18:08:08 [INFO] <SHELL-CHANNEL> Received comm_msg message
2020-07-05 18:08:08 [INFO] <SHELL-CHANNEL> Received comm_msg message
2020-07-05 18:08:08 [INFO] <SHELL-CHANNEL> Received comm_close message
2020-07-05 18:08:08 [INFO] <KERNEL> Handling comm_msg message
2020-07-05 18:08:08 [INFO] <KERNEL> Handling comm_msg message
2020-07-05 18:08:08 [INFO] <KERNEL> Handling comm_close
2020-07-05 18:08:08 [INFO] <SHELL-CHANNEL> Received comm_msg message
2020-07-05 18:08:08 [INFO] <KERNEL> Handling comm_msg message
2020-07-05 18:08:08 [INFO] <SHELL-CHANNEL> Received comm_msg message
2020-07-05 18:08:08 [INFO] <KERNEL> Handling comm_msg message
2020-07-05 18:08:08 [INFO] <SHELL-CHANNEL> Received comm_msg message
2020-07-05 18:08:08 [INFO] <NGLWIDGET> Handling custom message request_loaded
2020-07-05 18:08:08 [INFO] <NULL> entered on-loaded - firing before-loaded callbacks new -> NIL
2020-07-05 18:08:08 [INFO] <NULL> entered on-loaded - firing before-loaded callbacks new -> T
2020-07-05 18:08:08 [INFO] <NULL> %fire-callbacks entered in process #<PROCESS TOP-LEVEL @0x10f2eff09 (Running)>
  callbacks: (("loadFile" "before-loaded"))
2020-07-05 18:08:08 [INFO] <NULL> Done %fire-callbacks
2020-07-05 18:08:08 [INFO] <KERNEL> Handling comm_msg message
2020-07-05 18:08:08 [INFO] <NGLWIDGET> Handling custom message updateIDs
2020-07-05 18:08:08 [INFO] <SHELL-CHANNEL> Received comm_msg message
2020-07-05 18:08:08 [INFO] <KERNEL> Handling comm_msg message
2020-07-05 18:08:08 [INFO] <SHELL-CHANNEL> Received comm_msg message
2020-07-05 18:08:08 [INFO] <KERNEL> Handling comm_msg message
2020-07-05 18:08:08 [INFO] <NGLWIDGET> Handling custom message async_message
2020-07-05 18:08:08 [INFO] <NGLWIDGET> Setting event
2020-07-05 18:08:08 [INFO] <SHELL-CHANNEL> Received execute_request message
2020-07-05 18:08:08 [INFO] <KERNEL> Handling execute_request message
2020-07-05 18:08:08 [INFO] <SHELL-CHANNEL> Received comm_msg message
2020-07-05 18:08:08 [INFO] <KERNEL> Handling comm_msg message
2020-07-05 18:08:08 [INFO] <SHELL-CHANNEL> Received comm_msg message
2020-07-05 18:08:08 [INFO] <KERNEL> Handling comm_msg message
2020-07-05 18:08:08 [INFO] <NGLWIDGET> Handling custom message request_repr_dict
2020-07-05 18:08:08 [INFO] <SHELL-CHANNEL> Received comm_msg message
2020-07-05 18:08:08 [INFO] <KERNEL> Handling comm_msg message
2020-07-05 18:08:08 [INFO] <NGLWIDGET> Handling custom message request_repr_dict
2020-07-05 18:08:08 [INFO] <SHELL-CHANNEL> Received comm_msg message
2020-07-05 18:08:08 [INFO] <KERNEL> Handling comm_msg message
2020-07-05 18:08:08 [INFO] <NGLWIDGET> Handling custom message request_repr_dict
2020-07-05 18:08:08 [INFO] <SHELL-CHANNEL> Received comm_msg message
2020-07-05 18:08:08 [INFO] <KERNEL> Handling comm_msg message
2020-07-05 18:08:09 [INFO] <SHELL-CHANNEL> Received execute_request message
2020-07-05 18:08:09 [INFO] <KERNEL> Handling execute_request message
2020-07-05 18:08:10 [INFO] <SHELL-CHANNEL> Received execute_request message
2020-07-05 18:08:10 [INFO] <KERNEL> Handling execute_request message
2020-07-05 18:08:11 [INFO] <SHELL-CHANNEL> Received execute_request message
2020-07-05 18:08:12 [INFO] <SHELL-CHANNEL> Received execute_request message
2020-07-05 18:08:12 [INFO] <SHELL-CHANNEL> Received execute_request message
2020-07-05 18:08:13 [INFO] <KERNEL> Handling execute_request message
2020-07-05 18:08:13 [INFO] <SHELL-CHANNEL> Received execute_request message
2020-07-05 18:08:13 [INFO] <KERNEL> Handling execute_request message
2020-07-05 18:08:14 [INFO] <SHELL-CHANNEL> Received execute_request message
2020-07-05 18:08:15 [INFO] <KERNEL> Handling execute_request message
2020-07-05 18:08:15 [INFO] <SHELL-CHANNEL> Received execute_request message
2020-07-05 18:08:15 [INFO] <KERNEL> Handling execute_request message
2020-07-05 18:08:15 [INFO] <KERNEL> Handling execute_request message
2020-07-05 18:08:15 [INFO] <KERNEL> Handling execute_request message
2020-07-05 18:08:15 [INFO] <NULL> In add-structure  (loaded self) -> NIL
2020-07-05 18:08:15 [INFO] <NULL> entered %load-data NIL
2020-07-05 18:08:15 [INFO] <NULL> Generating mol2 as string

2020-07-05 18:08:15 [INFO] <NGLWIDGET> entered %remote-call loadFile
2020-07-05 18:08:15 [INFO] <NULL> About to make-remote-call-callback before-loaded
2020-07-05 18:08:15 [INFO] <NULL> About to make-remote-call-callback after-loaded
2020-07-05 18:08:15 [INFO] <NULL> leaving %remote-call loadFile
2020-07-05 18:08:15 [INFO] <NULL> leaving %load-data
2020-07-05 18:08:15 [INFO] <SHELL-CHANNEL> Received comm_close message
2020-07-05 18:08:15 [INFO] <KERNEL> Handling comm_close
2020-07-05 18:08:15 [INFO] <SHELL-CHANNEL> Received comm_msg message
2020-07-05 18:08:15 [INFO] <KERNEL> Handling comm_msg message
2020-07-05 18:08:15 [INFO] <SHELL-CHANNEL> Received comm_msg message
2020-07-05 18:08:15 [INFO] <KERNEL> Handling comm_msg message
2020-07-05 18:08:15 [INFO] <NGLWIDGET> Handling custom message request_loaded
2020-07-05 18:08:15 [INFO] <NULL> entered on-loaded - firing before-loaded callbacks new -> NIL
2020-07-05 18:08:15 [INFO] <NULL> entered on-loaded - firing before-loaded callbacks new -> T
2020-07-05 18:08:15 [INFO] <NULL> %fire-callbacks entered in process #<PROCESS TOP-LEVEL @0x10f2eff09 (Running)>
  callbacks: (("loadFile" "before-loaded"))
2020-07-05 18:08:15 [INFO] <SHELL-CHANNEL> Received comm_msg message
2020-07-05 18:08:15 [INFO] <NULL> Done %fire-callbacks
2020-07-05 18:08:15 [INFO] <KERNEL> Handling comm_msg message
2020-07-05 18:08:15 [INFO] <NGLWIDGET> Handling custom message updateIDs
2020-07-05 18:08:15 [INFO] <SHELL-CHANNEL> Received comm_msg message
2020-07-05 18:08:15 [INFO] <KERNEL> Handling comm_msg message
2020-07-05 18:08:15 [INFO] <SHELL-CHANNEL> Received comm_msg message
2020-07-05 18:08:15 [INFO] <KERNEL> Handling comm_msg message
2020-07-05 18:08:15 [INFO] <NGLWIDGET> Handling custom message async_message
2020-07-05 18:08:15 [INFO] <NGLWIDGET> Setting event
2020-07-05 18:08:15 [INFO] <SHELL-CHANNEL> Received comm_msg message
2020-07-05 18:08:15 [INFO] <KERNEL> Handling comm_msg message
2020-07-05 18:08:15 [INFO] <SHELL-CHANNEL> Received comm_msg message
2020-07-05 18:08:15 [INFO] <KERNEL> Handling comm_msg message
2020-07-05 18:08:15 [INFO] <NGLWIDGET> Handling custom message request_repr_dict
2020-07-05 18:08:16 [INFO] <SHELL-CHANNEL> Received comm_msg message
2020-07-05 18:08:16 [INFO] <KERNEL> Handling comm_msg message
2020-07-05 18:08:17 [INFO] <SHELL-CHANNEL> Received execute_request message
2020-07-05 18:08:17 [INFO] <KERNEL> Handling execute_request message
2020-07-05 18:08:20 [INFO] <SHELL-CHANNEL> Received execute_request message
2020-07-05 18:08:20 [INFO] <KERNEL> Handling execute_request message
2020-07-05 18:08:20 [INFO] <SHELL-CHANNEL> Received execute_request message
2020-07-05 18:08:20 [INFO] <KERNEL> Handling execute_request message
2020-07-05 18:08:21 [INFO] <SHELL-CHANNEL> Received execute_request message
2020-07-05 18:08:21 [INFO] <KERNEL> Handling execute_request message
2020-07-05 18:08:22 [INFO] <SHELL-CHANNEL> Received execute_request message
2020-07-05 18:08:22 [INFO] <KERNEL> Handling execute_request message
2020-07-05 18:08:22 [INFO] <SHELL-CHANNEL> Received comm_msg message
2020-07-05 18:08:22 [INFO] <KERNEL> Handling comm_msg message
2020-07-05 18:08:22 [INFO] <SHELL-CHANNEL> Received comm_msg message
2020-07-05 18:08:22 [INFO] <KERNEL> Handling comm_msg message
2020-07-05 18:08:22 [INFO] <SHELL-CHANNEL> Received comm_msg message
2020-07-05 18:08:22 [INFO] <SHELL-CHANNEL> Received comm_msg message
2020-07-05 18:08:22 [INFO] <SHELL-CHANNEL> Received comm_msg message
2020-07-05 18:08:22 [INFO] <SHELL-CHANNEL> Received comm_msg message
2020-07-05 18:08:22 [INFO] <SHELL-CHANNEL> Received comm_msg message
2020-07-05 18:08:22 [INFO] <SHELL-CHANNEL> Received comm_msg message
2020-07-05 18:08:22 [INFO] <SHELL-CHANNEL> Received comm_msg message
2020-07-05 18:08:22 [INFO] <SHELL-CHANNEL> Received comm_msg message
2020-07-05 18:08:22 [INFO] <SHELL-CHANNEL> Received comm_msg message
2020-07-05 18:08:22 [INFO] <SHELL-CHANNEL> Received comm_msg message
2020-07-05 18:08:22 [INFO] <KERNEL> Handling comm_msg message
2020-07-05 18:08:22 [INFO] <SHELL-CHANNEL> Received comm_msg message
2020-07-05 18:08:22 [INFO] <SHELL-CHANNEL> Received comm_msg message
2020-07-05 18:08:22 [INFO] <SHELL-CHANNEL> Received comm_msg message
2020-07-05 18:08:22 [INFO] <SHELL-CHANNEL> Received comm_msg message
2020-07-05 18:08:22 [INFO] <SHELL-CHANNEL> Received comm_msg message
2020-07-05 18:08:22 [INFO] <SHELL-CHANNEL> Received comm_msg message
2020-07-05 18:08:22 [INFO] <SHELL-CHANNEL> Received comm_msg message
2020-07-05 18:08:22 [INFO] <SHELL-CHANNEL> Received comm_msg message
2020-07-05 18:08:22 [INFO] <SHELL-CHANNEL> Received comm_msg message
2020-07-05 18:08:23 [INFO] <KERNEL> Handling comm_msg message
2020-07-05 18:08:23 [INFO] <KERNEL> Handling comm_msg message
2020-07-05 18:08:23 [INFO] <KERNEL> Handling comm_msg message
2020-07-05 18:08:23 [INFO] <KERNEL> Handling comm_msg message
2020-07-05 18:08:23 [INFO] <KERNEL> Handling comm_msg message
2020-07-05 18:08:23 [INFO] <KERNEL> Handling comm_msg message
2020-07-05 18:08:23 [INFO] <KERNEL> Handling comm_msg message
2020-07-05 18:08:23 [INFO] <SHELL-CHANNEL> Received comm_msg message
2020-07-05 18:08:23 [INFO] <KERNEL> Handling comm_msg message
2020-07-05 18:08:23 [INFO] <KERNEL> Handling comm_msg message
2020-07-05 18:08:23 [INFO] <KERNEL> Handling comm_msg message
2020-07-05 18:08:23 [INFO] <KERNEL> Handling comm_msg message
2020-07-05 18:08:23 [INFO] <KERNEL> Handling comm_msg message
2020-07-05 18:08:23 [INFO] <KERNEL> Handling comm_msg message
2020-07-05 18:08:23 [INFO] <KERNEL> Handling comm_msg message
2020-07-05 18:08:23 [INFO] <KERNEL> Handling comm_msg message
2020-07-05 18:08:23 [INFO] <KERNEL> Handling comm_msg message
2020-07-05 18:08:23 [INFO] <KERNEL> Handling comm_msg message
2020-07-05 18:08:23 [INFO] <KERNEL> Handling comm_msg message
2020-07-05 18:08:23 [INFO] <KERNEL> Handling comm_msg message
2020-07-05 18:08:23 [INFO] <SHELL-CHANNEL> Received comm_msg message
2020-07-05 18:08:23 [INFO] <KERNEL> Handling comm_msg message
2020-07-05 18:08:23 [INFO] <SHELL-CHANNEL> Received comm_msg message
2020-07-05 18:08:23 [INFO] <KERNEL> Handling comm_msg message
2020-07-05 18:08:23 [INFO] <SHELL-CHANNEL> Received comm_msg message
2020-07-05 18:08:23 [INFO] <KERNEL> Handling comm_msg message
2020-07-05 18:08:23 [INFO] <SHELL-CHANNEL> Received execute_request message
2020-07-05 18:08:23 [INFO] <KERNEL> Handling execute_request message
2020-07-05 18:08:32 [INFO] <SHELL-CHANNEL> Received execute_request message
2020-07-05 18:08:32 [INFO] <KERNEL> Handling execute_request message
2020-07-05 18:08:33 [INFO] <SHELL-CHANNEL> Received execute_request message
2020-07-05 18:08:33 [INFO] <KERNEL> Handling execute_request message
2020-07-05 18:08:34 [INFO] <SHELL-CHANNEL> Received execute_request message
2020-07-05 18:08:34 [INFO] <KERNEL> Handling execute_request message
2020-07-05 18:08:35 [INFO] <SHELL-CHANNEL> Received execute_request message
2020-07-05 18:08:35 [INFO] <KERNEL> Handling execute_request message
2020-07-05 18:08:36 [INFO] <SHELL-CHANNEL> Received execute_request message
2020-07-05 18:08:36 [INFO] <KERNEL> Handling execute_request message
2020-07-05 18:08:42 [INFO] <SHELL-CHANNEL> Received execute_request message
2020-07-05 18:08:42 [INFO] <KERNEL> Handling execute_request message
2020-07-05 18:08:48 [INFO] <SHELL-CHANNEL> Received execute_request message
2020-07-05 18:08:48 [INFO] <KERNEL> Handling execute_request message
2020-07-05 18:08:50 [INFO] <SHELL-CHANNEL> Received execute_request message
2020-07-05 18:08:50 [INFO] <KERNEL> Handling execute_request message
2020-07-05 18:08:51 [INFO] <SHELL-CHANNEL> Received execute_request message
2020-07-05 18:08:51 [INFO] <KERNEL> Handling execute_request message
2020-07-05 18:08:53 [INFO] <SHELL-CHANNEL> Received execute_request message
2020-07-05 18:08:53 [INFO] <KERNEL> Handling execute_request message
2020-07-05 18:08:59 [INFO] <SHELL-CHANNEL> Received execute_request message
2020-07-05 18:08:59 [INFO] <KERNEL> Handling execute_request message
2020-07-05 18:09:32 [INFO] <SHELL-CHANNEL> Received comm_msg message
2020-07-05 18:09:32 [INFO] <KERNEL> Handling comm_msg message
2020-07-05 18:09:33 [INFO] <SHELL-CHANNEL> Received comm_msg message
2020-07-05 18:09:33 [INFO] <KERNEL> Handling comm_msg message
