2020-07-05 21:47:21 [INFO] <KERNEL> Starting common-lisp kernel
2020-07-05 21:47:21 [INFO] <KERNEL> Parsing connection file /Users/meister/Library/Jupyter/runtime/kernel-edc870a2-e3e8-4a6e-8279-d9ca0de2a176.json
2020-07-05 21:47:21 [INFO] <MAC> Starting message authentification
2020-07-05 21:47:21 [INFO] <MAC> Using signature scheme hmac-sha256 for message signing.
2020-07-05 21:47:21 [INFO] <HB-CHANNEL> Starting channel on tcp://127.0.0.1:61756
2020-07-05 21:47:21 [INFO] <IOPUB-CHANNEL> Starting channel on tcp://127.0.0.1:61754
2020-07-05 21:47:21 [INFO] <HB-CHANNEL> Starting thread
2020-07-05 21:47:21 [INFO] <SHELL-CHANNEL> Starting channel on tcp://127.0.0.1:61753
2020-07-05 21:47:21 [INFO] <SHELL-CHANNEL> Starting thread
2020-07-05 21:47:21 [INFO] <STDIN-CHANNEL> Starting channel on tcp://127.0.0.1:61755
2020-07-05 21:47:21 [INFO] <CONTROL-CHANNEL> Starting channel on tcp://127.0.0.1:61757
2020-07-05 21:47:21 [INFO] <HISTORY> Starting history
2020-07-05 21:47:21 [INFO] <CONTROL-CHANNEL> Starting thread
2020-07-05 21:47:21 [INFO] <KERNEL> Setting amber host pathname translation -> /Users/meister/Development/amber18/
2020-07-05 21:47:22 [INFO] <SHELL-CHANNEL> Received kernel_info_request message
2020-07-05 21:47:22 [INFO] <KERNEL> Handling kernel_info_request message
2020-07-05 21:47:22 [INFO] <SHELL-CHANNEL> Received kernel_info_request message
2020-07-05 21:47:22 [INFO] <SHELL-CHANNEL> Received comm_info_request message
2020-07-05 21:47:22 [INFO] <KERNEL> Handling kernel_info_request message
2020-07-05 21:47:22 [INFO] <KERNEL> Handling comm_info_request message
2020-07-05 22:43:21 [INFO] <SHELL-CHANNEL> Received execute_request message
2020-07-05 22:43:21 [INFO] <KERNEL> Handling execute_request message
2020-07-05 22:43:24 [INFO] <SHELL-CHANNEL> Received execute_request message
2020-07-05 22:43:24 [INFO] <KERNEL> Handling execute_request message
2020-07-05 22:43:24 [INFO] <SHELL-CHANNEL> Received execute_request message
2020-07-05 22:43:24 [INFO] <KERNEL> Handling execute_request message
2020-07-05 22:43:25 [INFO] <SHELL-CHANNEL> Received execute_request message
2020-07-05 22:43:25 [INFO] <KERNEL> Handling execute_request message
2020-07-05 22:43:25 [INFO] <SHELL-CHANNEL> Received execute_request message
2020-07-05 22:43:25 [INFO] <KERNEL> Handling execute_request message
2020-07-05 22:43:25 [INFO] <SHELL-CHANNEL> Received execute_request message
2020-07-05 22:43:25 [INFO] <KERNEL> Handling execute_request message
2020-07-05 22:43:25 [INFO] <SHELL-CHANNEL> Received execute_request message
2020-07-05 22:43:25 [INFO] <SHELL-CHANNEL> Received execute_request message
2020-07-05 22:43:26 [INFO] <SHELL-CHANNEL> Received execute_request message
2020-07-05 22:43:26 [INFO] <SHELL-CHANNEL> Received execute_request message
2020-07-05 22:43:26 [INFO] <SHELL-CHANNEL> Received execute_request message
2020-07-05 22:43:26 [INFO] <SHELL-CHANNEL> Received execute_request message
2020-07-05 22:43:26 [INFO] <SHELL-CHANNEL> Received execute_request message
2020-07-05 22:43:27 [INFO] <SHELL-CHANNEL> Received execute_request message
2020-07-05 22:43:27 [INFO] <KERNEL> Handling execute_request message
2020-07-05 22:43:27 [INFO] <KERNEL> Handling execute_request message
2020-07-05 22:43:27 [INFO] <KERNEL> Handling execute_request message
2020-07-05 22:43:27 [INFO] <NULL> Setting up the *remote-call-thread-queue* and *remote-call-thread*
2020-07-05 22:43:27 [INFO] <NULL> In add-structure  (loaded self) -> NIL
2020-07-05 22:43:27 [INFO] <NULL> entered %load-data NIL
2020-07-05 22:43:27 [INFO] <NULL> Generating mol2 as string

2020-07-05 22:43:27 [INFO] <NGLWIDGET> entered %remote-call loadFile
2020-07-05 22:43:27 [INFO] <NULL> About to make-remote-call-callback before-loaded
2020-07-05 22:43:27 [INFO] <NULL> About to make-remote-call-callback after-loaded
2020-07-05 22:43:27 [INFO] <NULL> leaving %remote-call loadFile
2020-07-05 22:43:27 [INFO] <NULL> leaving %load-data
2020-07-05 22:43:28 [INFO] <SHELL-CHANNEL> Received execute_request message
2020-07-05 22:43:28 [INFO] <KERNEL> Handling execute_request message
2020-07-05 22:43:28 [INFO] <SHELL-CHANNEL> Received comm_msg message
2020-07-05 22:43:28 [INFO] <SHELL-CHANNEL> Received comm_msg message
2020-07-05 22:43:28 [INFO] <KERNEL> Handling execute_request message
2020-07-05 22:43:28 [INFO] <SHELL-CHANNEL> Received comm_close message
2020-07-05 22:43:28 [INFO] <KERNEL> Handling execute_request message
2020-07-05 22:43:28 [INFO] <KERNEL> Handling execute_request message
2020-07-05 22:43:28 [INFO] <SHELL-CHANNEL> Received comm_msg message
2020-07-05 22:43:28 [INFO] <SHELL-CHANNEL> Received comm_msg message
2020-07-05 22:43:28 [INFO] <SHELL-CHANNEL> Received comm_msg message
2020-07-05 22:43:28 [INFO] <SHELL-CHANNEL> Received execute_request message
2020-07-05 22:43:29 [INFO] <SHELL-CHANNEL> Received execute_request message
2020-07-05 22:43:30 [INFO] <KERNEL> Handling execute_request message
2020-07-05 22:43:30 [INFO] <KERNEL> Handling execute_request message
2020-07-05 22:43:31 [INFO] <KERNEL> Handling comm_msg message
2020-07-05 22:43:31 [INFO] <KERNEL> Handling comm_msg message
2020-07-05 22:43:31 [INFO] <KERNEL> Handling comm_close
2020-07-05 22:43:31 [INFO] <KERNEL> Handling comm_msg message
2020-07-05 22:43:31 [INFO] <KERNEL> Handling comm_msg message
2020-07-05 22:43:31 [INFO] <NGLWIDGET> Handling custom message request_loaded
2020-07-05 22:43:31 [INFO] <NULL> entered on-loaded - firing before-loaded callbacks new -> NIL
2020-07-05 22:43:31 [INFO] <NULL> entered on-loaded - firing before-loaded callbacks new -> T
2020-07-05 22:43:31 [INFO] <NULL> %fire-callbacks entered in process #<PROCESS TOP-LEVEL @0x112204f09 (Running)>
  callbacks: (("loadFile" "before-loaded"))
2020-07-05 22:43:31 [INFO] <NULL> Done %fire-callbacks
2020-07-05 22:43:31 [INFO] <KERNEL> Handling comm_msg message
2020-07-05 22:43:31 [INFO] <NGLWIDGET> Handling custom message updateIDs
2020-07-05 22:43:31 [INFO] <KERNEL> Handling execute_request message
2020-07-05 22:43:31 [INFO] <SHELL-CHANNEL> Received comm_msg message
2020-07-05 22:43:31 [INFO] <SHELL-CHANNEL> Received comm_msg message
2020-07-05 22:43:31 [INFO] <SHELL-CHANNEL> Received comm_msg message
2020-07-05 22:43:31 [INFO] <SHELL-CHANNEL> Received comm_msg message
2020-07-05 22:43:31 [INFO] <SHELL-CHANNEL> Received comm_msg message
2020-07-05 22:43:31 [INFO] <KERNEL> Handling execute_request message
2020-07-05 22:43:31 [INFO] <KERNEL> Handling comm_msg message
2020-07-05 22:43:31 [INFO] <KERNEL> Handling comm_msg message
2020-07-05 22:43:31 [INFO] <NGLWIDGET> Handling custom message async_message
2020-07-05 22:43:31 [INFO] <NGLWIDGET> Setting event
2020-07-05 22:43:31 [INFO] <KERNEL> Handling comm_msg message
2020-07-05 22:43:31 [INFO] <NGLWIDGET> Handling custom message request_repr_dict
2020-07-05 22:43:31 [INFO] <KERNEL> Handling comm_msg message
2020-07-05 22:43:31 [INFO] <NGLWIDGET> Handling custom message request_repr_dict
2020-07-05 22:43:31 [INFO] <KERNEL> Handling comm_msg message
2020-07-05 22:43:31 [INFO] <NGLWIDGET> Handling custom message request_repr_dict
2020-07-05 22:43:31 [INFO] <SHELL-CHANNEL> Received comm_msg message
2020-07-05 22:43:31 [INFO] <KERNEL> Handling comm_msg message
2020-07-05 22:43:34 [INFO] <SHELL-CHANNEL> Received execute_request message
2020-07-05 22:43:34 [INFO] <KERNEL> Handling execute_request message
2020-07-05 22:43:35 [INFO] <SHELL-CHANNEL> Received execute_request message
2020-07-05 22:43:35 [INFO] <KERNEL> Handling execute_request message
2020-07-05 22:43:36 [INFO] <NULL> In add-structure  (loaded self) -> NIL
2020-07-05 22:43:36 [INFO] <NULL> entered %load-data NIL
2020-07-05 22:43:36 [INFO] <NULL> Generating mol2 as string

2020-07-05 22:43:36 [INFO] <NGLWIDGET> entered %remote-call loadFile
2020-07-05 22:43:36 [INFO] <NULL> About to make-remote-call-callback before-loaded
2020-07-05 22:43:36 [INFO] <NULL> About to make-remote-call-callback after-loaded
2020-07-05 22:43:36 [INFO] <NULL> leaving %remote-call loadFile
2020-07-05 22:43:36 [INFO] <NULL> leaving %load-data
2020-07-05 22:43:36 [INFO] <SHELL-CHANNEL> Received comm_close message
2020-07-05 22:43:36 [INFO] <KERNEL> Handling comm_close
2020-07-05 22:43:36 [INFO] <SHELL-CHANNEL> Received comm_msg message
2020-07-05 22:43:36 [INFO] <KERNEL> Handling comm_msg message
2020-07-05 22:43:36 [INFO] <SHELL-CHANNEL> Received comm_msg message
2020-07-05 22:43:36 [INFO] <KERNEL> Handling comm_msg message
2020-07-05 22:43:36 [INFO] <NGLWIDGET> Handling custom message request_loaded
2020-07-05 22:43:36 [INFO] <NULL> entered on-loaded - firing before-loaded callbacks new -> NIL
2020-07-05 22:43:36 [INFO] <NULL> entered on-loaded - firing before-loaded callbacks new -> T
2020-07-05 22:43:36 [INFO] <SHELL-CHANNEL> Received comm_msg message
2020-07-05 22:43:36 [INFO] <NULL> %fire-callbacks entered in process #<PROCESS TOP-LEVEL @0x112204f09 (Running)>
  callbacks: (("loadFile" "before-loaded"))
2020-07-05 22:43:36 [INFO] <NULL> Done %fire-callbacks
2020-07-05 22:43:36 [INFO] <KERNEL> Handling comm_msg message
2020-07-05 22:43:36 [INFO] <NGLWIDGET> Handling custom message updateIDs
2020-07-05 22:43:36 [INFO] <SHELL-CHANNEL> Received comm_msg message
2020-07-05 22:43:36 [INFO] <KERNEL> Handling comm_msg message
2020-07-05 22:43:36 [INFO] <SHELL-CHANNEL> Received comm_msg message
2020-07-05 22:43:36 [INFO] <KERNEL> Handling comm_msg message
2020-07-05 22:43:36 [INFO] <NGLWIDGET> Handling custom message async_message
2020-07-05 22:43:36 [INFO] <NGLWIDGET> Setting event
2020-07-05 22:43:36 [INFO] <SHELL-CHANNEL> Received comm_msg message
2020-07-05 22:43:36 [INFO] <KERNEL> Handling comm_msg message
2020-07-05 22:43:36 [INFO] <NGLWIDGET> Handling custom message request_repr_dict
2020-07-05 22:43:36 [INFO] <SHELL-CHANNEL> Received comm_msg message
2020-07-05 22:43:36 [INFO] <KERNEL> Handling comm_msg message
2020-07-05 22:43:40 [INFO] <SHELL-CHANNEL> Received execute_request message
2020-07-05 22:43:40 [INFO] <KERNEL> Handling execute_request message
2020-07-05 22:43:41 [INFO] <SHELL-CHANNEL> Received execute_request message
2020-07-05 22:43:41 [INFO] <KERNEL> Handling execute_request message
2020-07-05 22:43:41 [INFO] <SHELL-CHANNEL> Received execute_request message
2020-07-05 22:43:41 [INFO] <KERNEL> Handling execute_request message
2020-07-05 22:43:42 [INFO] <SHELL-CHANNEL> Received execute_request message
2020-07-05 22:43:42 [INFO] <KERNEL> Handling execute_request message
2020-07-05 22:43:42 [INFO] <SHELL-CHANNEL> Received execute_request message
2020-07-05 22:43:42 [INFO] <KERNEL> Handling execute_request message
2020-07-05 22:43:42 [INFO] <SHELL-CHANNEL> Received comm_msg message
2020-07-05 22:43:42 [INFO] <KERNEL> Handling comm_msg message
2020-07-05 22:43:42 [INFO] <SHELL-CHANNEL> Received comm_msg message
2020-07-05 22:43:42 [INFO] <KERNEL> Handling comm_msg message
2020-07-05 22:43:42 [INFO] <SHELL-CHANNEL> Received comm_msg message
2020-07-05 22:43:42 [INFO] <SHELL-CHANNEL> Received comm_msg message
2020-07-05 22:43:42 [INFO] <SHELL-CHANNEL> Received comm_msg message
2020-07-05 22:43:42 [INFO] <SHELL-CHANNEL> Received comm_msg message
2020-07-05 22:43:42 [INFO] <SHELL-CHANNEL> Received comm_msg message
2020-07-05 22:43:42 [INFO] <SHELL-CHANNEL> Received comm_msg message
2020-07-05 22:43:42 [INFO] <SHELL-CHANNEL> Received comm_msg message
2020-07-05 22:43:42 [INFO] <SHELL-CHANNEL> Received comm_msg message
2020-07-05 22:43:42 [INFO] <SHELL-CHANNEL> Received comm_msg message
2020-07-05 22:43:42 [INFO] <KERNEL> Handling comm_msg message
2020-07-05 22:43:42 [INFO] <SHELL-CHANNEL> Received comm_msg message
2020-07-05 22:43:42 [INFO] <SHELL-CHANNEL> Received comm_msg message
2020-07-05 22:43:42 [INFO] <SHELL-CHANNEL> Received comm_msg message
2020-07-05 22:43:42 [INFO] <SHELL-CHANNEL> Received comm_msg message
2020-07-05 22:43:42 [INFO] <SHELL-CHANNEL> Received comm_msg message
2020-07-05 22:43:42 [INFO] <SHELL-CHANNEL> Received comm_msg message
2020-07-05 22:43:42 [INFO] <SHELL-CHANNEL> Received comm_msg message
2020-07-05 22:43:42 [INFO] <SHELL-CHANNEL> Received comm_msg message
2020-07-05 22:43:42 [INFO] <SHELL-CHANNEL> Received comm_msg message
2020-07-05 22:43:42 [INFO] <SHELL-CHANNEL> Received comm_msg message
2020-07-05 22:43:42 [INFO] <KERNEL> Handling comm_msg message
2020-07-05 22:43:42 [INFO] <KERNEL> Handling comm_msg message
2020-07-05 22:43:42 [INFO] <KERNEL> Handling comm_msg message
2020-07-05 22:43:42 [INFO] <KERNEL> Handling comm_msg message
2020-07-05 22:43:42 [INFO] <KERNEL> Handling comm_msg message
2020-07-05 22:43:42 [INFO] <KERNEL> Handling comm_msg message
2020-07-05 22:43:42 [INFO] <KERNEL> Handling comm_msg message
2020-07-05 22:43:42 [INFO] <SHELL-CHANNEL> Received comm_msg message
2020-07-05 22:43:42 [INFO] <KERNEL> Handling comm_msg message
2020-07-05 22:43:42 [INFO] <KERNEL> Handling comm_msg message
2020-07-05 22:43:42 [INFO] <KERNEL> Handling comm_msg message
2020-07-05 22:43:42 [INFO] <KERNEL> Handling comm_msg message
2020-07-05 22:43:42 [INFO] <KERNEL> Handling comm_msg message
2020-07-05 22:43:42 [INFO] <KERNEL> Handling comm_msg message
2020-07-05 22:43:42 [INFO] <KERNEL> Handling comm_msg message
2020-07-05 22:43:42 [INFO] <KERNEL> Handling comm_msg message
2020-07-05 22:43:42 [INFO] <KERNEL> Handling comm_msg message
2020-07-05 22:43:42 [INFO] <KERNEL> Handling comm_msg message
2020-07-05 22:43:42 [INFO] <SHELL-CHANNEL> Received comm_msg message
2020-07-05 22:43:42 [INFO] <KERNEL> Handling comm_msg message
2020-07-05 22:43:42 [INFO] <KERNEL> Handling comm_msg message
2020-07-05 22:43:42 [INFO] <KERNEL> Handling comm_msg message
2020-07-05 22:43:42 [INFO] <SHELL-CHANNEL> Received execute_request message
2020-07-05 22:43:42 [INFO] <KERNEL> Handling execute_request message
2020-07-05 22:43:42 [INFO] <SHELL-CHANNEL> Received comm_msg message
2020-07-05 22:43:42 [INFO] <KERNEL> Handling comm_msg message
2020-07-05 22:43:43 [INFO] <SHELL-CHANNEL> Received comm_msg message
2020-07-05 22:43:43 [INFO] <KERNEL> Handling comm_msg message
2020-07-05 22:43:48 [INFO] <SHELL-CHANNEL> Received comm_msg message
2020-07-05 22:43:48 [INFO] <KERNEL> Handling comm_msg message
2020-07-05 22:43:48 [INFO] <SHELL-CHANNEL> Received comm_msg message
2020-07-05 22:43:48 [INFO] <KERNEL> Handling comm_msg message
2020-07-05 22:43:48 [INFO] <SHELL-CHANNEL> Received comm_msg message
2020-07-05 22:43:48 [INFO] <KERNEL> Handling comm_msg message
2020-07-05 22:43:48 [INFO] <SHELL-CHANNEL> Received comm_msg message
2020-07-05 22:43:48 [INFO] <KERNEL> Handling comm_msg message
2020-07-05 22:43:49 [INFO] <SHELL-CHANNEL> Received execute_request message
2020-07-05 22:43:49 [INFO] <KERNEL> Handling execute_request message
2020-07-05 22:43:50 [INFO] <SHELL-CHANNEL> Received execute_request message
2020-07-05 22:43:50 [INFO] <KERNEL> Handling execute_request message
2020-07-05 22:43:57 [INFO] <SHELL-CHANNEL> Received execute_request message
2020-07-05 22:43:57 [INFO] <KERNEL> Handling execute_request message
2020-07-05 22:44:00 [INFO] <SHELL-CHANNEL> Received execute_request message
2020-07-05 22:44:00 [INFO] <KERNEL> Handling execute_request message
2020-07-05 22:44:07 [INFO] <SHELL-CHANNEL> Received execute_request message
2020-07-05 22:44:07 [INFO] <KERNEL> Handling execute_request message
2020-07-05 22:44:22 [INFO] <SHELL-CHANNEL> Received execute_request message
2020-07-05 22:44:22 [INFO] <KERNEL> Handling execute_request message
2020-07-05 22:44:35 [INFO] <SHELL-CHANNEL> Received kernel_info_request message
2020-07-05 22:44:35 [INFO] <KERNEL> Handling kernel_info_request message
2020-07-05 22:44:35 [INFO] <SHELL-CHANNEL> Received comm_info_request message
2020-07-05 22:44:35 [INFO] <KERNEL> Handling comm_info_request message
2020-07-05 22:44:37 [INFO] <SHELL-CHANNEL> Received execute_request message
2020-07-05 22:44:37 [INFO] <KERNEL> Handling execute_request message
2020-07-05 22:44:38 [INFO] <SHELL-CHANNEL> Received execute_request message
2020-07-05 22:44:38 [INFO] <KERNEL> Handling execute_request message
2020-07-05 22:44:38 [INFO] <SHELL-CHANNEL> Received execute_request message
2020-07-05 22:44:38 [INFO] <KERNEL> Handling execute_request message
2020-07-05 22:44:38 [INFO] <SHELL-CHANNEL> Received execute_request message
2020-07-05 22:44:38 [INFO] <KERNEL> Handling execute_request message
2020-07-05 22:44:39 [INFO] <SHELL-CHANNEL> Received execute_request message
2020-07-05 22:44:39 [INFO] <SHELL-CHANNEL> Received execute_request message
2020-07-05 22:44:39 [INFO] <SHELL-CHANNEL> Received execute_request message
2020-07-05 22:44:52 [INFO] <CONTROL-CHANNEL> Received shutdown_request message
